ID:  scratch/5VM
FQ1: scratch/5VM_1.fastq
FQ2: scratch/5VM_2.fastq
REF: scratch/pol.hmm
CPU: 8
### STAGE 1: PEAR ###
 ____  _____    _    ____ 
|  _ \| ____|  / \  |  _ \
| |_) |  _|   / _ \ | |_) |
|  __/| |___ / ___ \|  _ <
|_|   |_____/_/   \_\_| \_\

PEAR v0.9.11 [Nov 5, 2017]

Citation - PEAR: a fast and accurate Illumina Paired-End reAd mergeR
Zhang et al (2014) Bioinformatics 30(5): 614-620 | doi:10.1093/bioinformatics/btt593

Forward reads file.................: scratch/5VM_1.fastq
Reverse reads file.................: scratch/5VM_2.fastq
PHRED..............................: 33
Using empirical frequencies........: YES
Statistical method.................: OES
Maximum assembly length............: 999999
Minimum assembly length............: 50
p-value............................: 0.010000
Quality score threshold (trimming).: 0
Minimum read size after trimming...: 1
Maximal ratio of uncalled bases....: 1.000000
Minimum overlap....................: 10
Scoring method.....................: Scaled score
Threads............................: 8

Allocating memory..................: 3,221,225,472 bytes
Computing empirical frequencies....: DONE
  A: 0.294057
  C: 0.205790
  G: 0.206608
  T: 0.293545
  3203782 uncalled bases
Assemblying reads: 0%Assemblying reads: 100%

Assembled reads ...................: 590,432 / 714,994 (82.579%)
Discarded reads ...................: 311 / 714,994 (0.043%)
Not assembled reads ...............: 124,251 / 714,994 (17.378%)
Assembled reads file...............: scratch/5VM.pear.assembled.fastq
Discarded reads file...............: scratch/5VM.pear.discarded.fastq
Unassembled forward reads file.....: scratch/5VM.pear.unassembled.forward.fastq
Unassembled reverse reads file.....: scratch/5VM.pear.unassembled.reverse.fastq
### STAGE 2: FASTX_COLLAPSER ###
### STAGE 3: TRANSLATE ###
/users/mhowison/.local/lib/python3.6/site-packages/Bio/Seq.py:2423: BiopythonWarning: Partial codon, len(sequence) not a multiple of three. Explicitly trim the sequence or add trailing N before translation. This may become an error in future.
  BiopythonWarning)
nreads 681516
nskipped N 16985
nskipped * 125770
### STAGE 4: HMMSEARCH, ROUND 1 ###
# hmmbuild :: profile HMM construction from multiple sequence alignments
# HMMER 3.1b2 (February 2015); http://hmmer.org/
# Copyright (C) 2015 Howard Hughes Medical Institute.
# Freely distributed under the GNU General Public License (GPLv3).
# - - - - - - - - - - - - - - - - - - - - - - - - - - - - - - - - - - - -
# input alignment file:             scratch/5VM.hmmsearch1.sto
# output HMM file:                  scratch/5VM.hmmsearch1.hmm
# number of worker threads:         8
# - - - - - - - - - - - - - - - - - - - - - - - - - - - - - - - - - - - -

# idx name                  nseq  alen  mlen eff_nseq re/pos description
#---- -------------------- ----- ----- ----- -------- ------ -----------
1     5VM.hmmsearch1       170107   589   539    13.93  0.590 

# CPU time: 6.05u 0.73s 00:00:06.77 Elapsed: 00:00:06.79
### STAGE 5: HMMSEARCH, ROUND 2 ###
# hmmbuild :: profile HMM construction from multiple sequence alignments
# HMMER 3.1b2 (February 2015); http://hmmer.org/
# Copyright (C) 2015 Howard Hughes Medical Institute.
# Freely distributed under the GNU General Public License (GPLv3).
# - - - - - - - - - - - - - - - - - - - - - - - - - - - - - - - - - - - -
# input alignment file:             scratch/5VM.hmmsearch2.sto
# output HMM file:                  scratch/5VM.hmmsearch2.hmm
# number of worker threads:         8
# - - - - - - - - - - - - - - - - - - - - - - - - - - - - - - - - - - - -

# idx name                  nseq  alen  mlen eff_nseq re/pos description
#---- -------------------- ----- ----- ----- -------- ------ -----------
1     5VM.hmmsearch2       171363   585   539    14.78  0.590 

# CPU time: 5.83u 0.76s 00:00:06.59 Elapsed: 00:00:06.60
### STAGE 6: CODON TABLE ###
/users/mhowison/.local/lib/python3.6/site-packages/Bio/SearchIO/__init__.py:211: BiopythonExperimentalWarning: Bio.SearchIO is an experimental submodule which may undergo significant changes prior to its future official release.
  BiopythonExperimentalWarning)
indexed reads
parsed hmmer
hsps: {1: 173529, 2: 270}
constructed codon table
/users/mhowison/.local/lib/python3.6/site-packages/Bio/SearchIO/__init__.py:211: BiopythonExperimentalWarning: Bio.SearchIO is an experimental submodule which may undergo significant changes prior to its future official release.
  BiopythonExperimentalWarning)
indexed reads
parsed hmmer
hsps: {1: 460031, 2: 16369, 3: 119}
constructed codon table
### FINISHED ###
