ID:  scratch/PID
FQ1: scratch/PID_1.fastq
FQ2: scratch/PID_2.fastq
REF: scratch/pol.hmm
CPU: 16
### STAGE 1: PEAR ###
 ____  _____    _    ____ 
|  _ \| ____|  / \  |  _ \
| |_) |  _|   / _ \ | |_) |
|  __/| |___ / ___ \|  _ <
|_|   |_____/_/   \_\_| \_\

PEAR v0.9.11 [Nov 5, 2017]

Citation - PEAR: a fast and accurate Illumina Paired-End reAd mergeR
Zhang et al (2014) Bioinformatics 30(5): 614-620 | doi:10.1093/bioinformatics/btt593

Forward reads file.................: scratch/PID_1.fastq
Reverse reads file.................: scratch/PID_2.fastq
PHRED..............................: 33
Using empirical frequencies........: YES
Statistical method.................: OES
Maximum assembly length............: 999999
Minimum assembly length............: 50
p-value............................: 0.010000
Quality score threshold (trimming).: 0
Minimum read size after trimming...: 1
Maximal ratio of uncalled bases....: 1.000000
Minimum overlap....................: 10
Scoring method.....................: Scaled score
Threads............................: 16

Allocating memory..................: 3,221,225,472 bytes
Computing empirical frequencies....: DONE
  A: 0.325065
  C: 0.169925
  G: 0.179689
  T: 0.325322
  0 uncalled bases
Assemblying reads: 0%Assemblying reads: 47%Assemblying reads: 92%Assemblying reads: 100%

Assembled reads ...................: 1 / 3,539,830 (0.000%)
Discarded reads ...................: 0 / 3,539,830 (0.000%)
Not assembled reads ...............: 3,539,829 / 3,539,830 (100.000%)
Assembled reads file...............: scratch/PID.pear.assembled.fastq
Discarded reads file...............: scratch/PID.pear.discarded.fastq
Unassembled forward reads file.....: scratch/PID.pear.unassembled.forward.fastq
Unassembled reverse reads file.....: scratch/PID.pear.unassembled.reverse.fastq
### STAGE 2: FASTX_COLLAPSER ###
### STAGE 3: TRANSLATE ###
/users/mhowison/miniconda/envs/hivmmer/lib/python3.6/site-packages/Bio/Seq.py:2095: BiopythonWarning: Partial codon, len(sequence) not a multiple of three. Explicitly trim the sequence or add trailing N before translation. This may become an error in future.
  BiopythonWarning)
nreads 598470
nskipped N 0
nskipped * 83329
### STAGE 4: HMMSEARCH, ROUND 1 ###
# hmmbuild :: profile HMM construction from multiple sequence alignments
# HMMER 3.1b2 (February 2015); http://hmmer.org/
# Copyright (C) 2015 Howard Hughes Medical Institute.
# Freely distributed under the GNU General Public License (GPLv3).
# - - - - - - - - - - - - - - - - - - - - - - - - - - - - - - - - - - - -
# input alignment file:             scratch/PID.hmmsearch1.sto
# output HMM file:                  scratch/PID.hmmsearch1.hmm
# number of worker threads:         16
# - - - - - - - - - - - - - - - - - - - - - - - - - - - - - - - - - - - -

# idx name                  nseq  alen  mlen eff_nseq re/pos description
#---- -------------------- ----- ----- ----- -------- ------ -----------
1     PID.hmmsearch1       514999   539   142     1.47  0.589 

# CPU time: 18.21u 1.96s 00:00:20.17 Elapsed: 00:00:20.20
### STAGE 5: HMMSEARCH, ROUND 2 ###
# hmmbuild :: profile HMM construction from multiple sequence alignments
# HMMER 3.1b2 (February 2015); http://hmmer.org/
# Copyright (C) 2015 Howard Hughes Medical Institute.
# Freely distributed under the GNU General Public License (GPLv3).
# - - - - - - - - - - - - - - - - - - - - - - - - - - - - - - - - - - - -
# input alignment file:             scratch/PID.hmmsearch2.sto
# output HMM file:                  scratch/PID.hmmsearch2.hmm
# number of worker threads:         16
# - - - - - - - - - - - - - - - - - - - - - - - - - - - - - - - - - - - -

# idx name                  nseq  alen  mlen eff_nseq re/pos description
#---- -------------------- ----- ----- ----- -------- ------ -----------
1     PID.hmmsearch2       514999   142   135     1.45  0.590 

# CPU time: 11.35u 1.25s 00:00:12.60 Elapsed: 00:00:12.62
### STAGE 6: CODON TABLE ###
/users/mhowison/miniconda/envs/hivmmer/lib/python3.6/site-packages/Bio/SearchIO/__init__.py:211: BiopythonExperimentalWarning: Bio.SearchIO is an experimental submodule which may undergo significant changes prior to its future official release.
  BiopythonExperimentalWarning)
indexed reads
parsed hmmer
hsps: {1: 514999}
/users/mhowison/miniconda/envs/hivmmer/lib/python3.6/site-packages/Bio/SearchIO/__init__.py:211: BiopythonExperimentalWarning: Bio.SearchIO is an experimental submodule which may undergo significant changes prior to its future official release.
  BiopythonExperimentalWarning)
indexed reads
parsed hmmer
hsps: {1: 516459, 2: 3}
### FINISHED ###
