ID:  scratch/PL11
FQ1: scratch/PL11_1.fastq
FQ2: scratch/PL11_2.fastq
REF: scratch/pol.hmm
CPU: 8
### STAGE 1: PEAR ###
 ____  _____    _    ____ 
|  _ \| ____|  / \  |  _ \
| |_) |  _|   / _ \ | |_) |
|  __/| |___ / ___ \|  _ <
|_|   |_____/_/   \_\_| \_\

PEAR v0.9.11 [Nov 5, 2017]

Citation - PEAR: a fast and accurate Illumina Paired-End reAd mergeR
Zhang et al (2014) Bioinformatics 30(5): 614-620 | doi:10.1093/bioinformatics/btt593

Forward reads file.................: scratch/PL11_1.fastq
Reverse reads file.................: scratch/PL11_2.fastq
PHRED..............................: 33
Using empirical frequencies........: YES
Statistical method.................: OES
Maximum assembly length............: 999999
Minimum assembly length............: 50
p-value............................: 0.010000
Quality score threshold (trimming).: 0
Minimum read size after trimming...: 1
Maximal ratio of uncalled bases....: 1.000000
Minimum overlap....................: 10
Scoring method.....................: Scaled score
Threads............................: 8

Allocating memory..................: 3,221,225,472 bytes
Computing empirical frequencies....: DONE
  A: 0.304710
  C: 0.195713
  G: 0.195572
  T: 0.304006
  510726 uncalled bases
Assemblying reads: 0%Assemblying reads: 100%

Assembled reads ...................: 1,441,195 / 1,630,482 (88.391%)
Discarded reads ...................: 7,344 / 1,630,482 (0.450%)
Not assembled reads ...............: 181,943 / 1,630,482 (11.159%)
Assembled reads file...............: scratch/PL11.pear.assembled.fastq
Discarded reads file...............: scratch/PL11.pear.discarded.fastq
Unassembled forward reads file.....: scratch/PL11.pear.unassembled.forward.fastq
Unassembled reverse reads file.....: scratch/PL11.pear.unassembled.reverse.fastq
### STAGE 2: FASTX_COLLAPSER ###
### STAGE 3: TRANSLATE ###
/users/mhowison/.local/lib/python3.6/site-packages/Bio/Seq.py:2423: BiopythonWarning: Partial codon, len(sequence) not a multiple of three. Explicitly trim the sequence or add trailing N before translation. This may become an error in future.
  BiopythonWarning)
nreads 726725
nskipped N 4
nskipped * 67139
### STAGE 4: HMMSEARCH, ROUND 1 ###
# hmmbuild :: profile HMM construction from multiple sequence alignments
# HMMER 3.1b2 (February 2015); http://hmmer.org/
# Copyright (C) 2015 Howard Hughes Medical Institute.
# Freely distributed under the GNU General Public License (GPLv3).
# - - - - - - - - - - - - - - - - - - - - - - - - - - - - - - - - - - - -
# input alignment file:             scratch/PL11.hmmsearch1.sto
# output HMM file:                  scratch/PL11.hmmsearch1.hmm
# number of worker threads:         8
# - - - - - - - - - - - - - - - - - - - - - - - - - - - - - - - - - - - -

# idx name                  nseq  alen  mlen eff_nseq re/pos description
#---- -------------------- ----- ----- ----- -------- ------ -----------
1     PL11.hmmsearch1      549391   613   539     6.95  0.590 

# CPU time: 22.21u 2.38s 00:00:24.59 Elapsed: 00:00:24.58
### STAGE 5: HMMSEARCH, ROUND 2 ###
# hmmbuild :: profile HMM construction from multiple sequence alignments
# HMMER 3.1b2 (February 2015); http://hmmer.org/
# Copyright (C) 2015 Howard Hughes Medical Institute.
# Freely distributed under the GNU General Public License (GPLv3).
# - - - - - - - - - - - - - - - - - - - - - - - - - - - - - - - - - - - -
# input alignment file:             scratch/PL11.hmmsearch2.sto
# output HMM file:                  scratch/PL11.hmmsearch2.hmm
# number of worker threads:         8
# - - - - - - - - - - - - - - - - - - - - - - - - - - - - - - - - - - - -

# idx name                  nseq  alen  mlen eff_nseq re/pos description
#---- -------------------- ----- ----- ----- -------- ------ -----------
1     PL11.hmmsearch2      542869   609   539     7.22  0.590 

# CPU time: 27.73u 2.37s 00:00:30.10 Elapsed: 00:00:30.08
### STAGE 6: CODON TABLE ###
/users/mhowison/.local/lib/python3.6/site-packages/Bio/SearchIO/__init__.py:211: BiopythonExperimentalWarning: Bio.SearchIO is an experimental submodule which may undergo significant changes prior to its future official release.
  BiopythonExperimentalWarning)
indexed reads
parsed hmmer
hsps: {1: 573119, 2: 738, 0: 1}
constructed codon table
/users/mhowison/.local/lib/python3.6/site-packages/Bio/SearchIO/__init__.py:211: BiopythonExperimentalWarning: Bio.SearchIO is an experimental submodule which may undergo significant changes prior to its future official release.
  BiopythonExperimentalWarning)
indexed reads
parsed hmmer
hsps: {1: 757637, 2: 1327}
constructed codon table
### FINISHED ###
