ID:  scratch/PL19
FQ1: scratch/PL19_1.fastq
FQ2: scratch/PL19_2.fastq
REF: scratch/pol.hmm
CPU: 8
### STAGE 1: PEAR ###
 ____  _____    _    ____ 
|  _ \| ____|  / \  |  _ \
| |_) |  _|   / _ \ | |_) |
|  __/| |___ / ___ \|  _ <
|_|   |_____/_/   \_\_| \_\

PEAR v0.9.11 [Nov 5, 2017]

Citation - PEAR: a fast and accurate Illumina Paired-End reAd mergeR
Zhang et al (2014) Bioinformatics 30(5): 614-620 | doi:10.1093/bioinformatics/btt593

Forward reads file.................: scratch/PL19_1.fastq
Reverse reads file.................: scratch/PL19_2.fastq
PHRED..............................: 33
Using empirical frequencies........: YES
Statistical method.................: OES
Maximum assembly length............: 999999
Minimum assembly length............: 50
p-value............................: 0.010000
Quality score threshold (trimming).: 0
Minimum read size after trimming...: 1
Maximal ratio of uncalled bases....: 1.000000
Minimum overlap....................: 10
Scoring method.....................: Scaled score
Threads............................: 8

Allocating memory..................: 3,221,225,472 bytes
Computing empirical frequencies....: DONE
  A: 0.303402
  C: 0.196701
  G: 0.197001
  T: 0.302896
  197614 uncalled bases
Assemblying reads: 0%Assemblying reads: 100%

Assembled reads ...................: 935,340 / 1,047,863 (89.262%)
Discarded reads ...................: 2,841 / 1,047,863 (0.271%)
Not assembled reads ...............: 109,682 / 1,047,863 (10.467%)
Assembled reads file...............: scratch/PL19.pear.assembled.fastq
Discarded reads file...............: scratch/PL19.pear.discarded.fastq
Unassembled forward reads file.....: scratch/PL19.pear.unassembled.forward.fastq
Unassembled reverse reads file.....: scratch/PL19.pear.unassembled.reverse.fastq
### STAGE 2: FASTX_COLLAPSER ###
### STAGE 3: TRANSLATE ###
/users/mhowison/.local/lib/python3.6/site-packages/Bio/Seq.py:2423: BiopythonWarning: Partial codon, len(sequence) not a multiple of three. Explicitly trim the sequence or add trailing N before translation. This may become an error in future.
  BiopythonWarning)
nreads 488034
nskipped N 3
nskipped * 53232
### STAGE 4: HMMSEARCH, ROUND 1 ###
# hmmbuild :: profile HMM construction from multiple sequence alignments
# HMMER 3.1b2 (February 2015); http://hmmer.org/
# Copyright (C) 2015 Howard Hughes Medical Institute.
# Freely distributed under the GNU General Public License (GPLv3).
# - - - - - - - - - - - - - - - - - - - - - - - - - - - - - - - - - - - -
# input alignment file:             scratch/PL19.hmmsearch1.sto
# output HMM file:                  scratch/PL19.hmmsearch1.hmm
# number of worker threads:         8
# - - - - - - - - - - - - - - - - - - - - - - - - - - - - - - - - - - - -

# idx name                  nseq  alen  mlen eff_nseq re/pos description
#---- -------------------- ----- ----- ----- -------- ------ -----------
1     PL19.hmmsearch1      368438   581   539     6.16  0.590 

# CPU time: 13.53u 1.56s 00:00:15.09 Elapsed: 00:00:15.09
### STAGE 5: HMMSEARCH, ROUND 2 ###
# hmmbuild :: profile HMM construction from multiple sequence alignments
# HMMER 3.1b2 (February 2015); http://hmmer.org/
# Copyright (C) 2015 Howard Hughes Medical Institute.
# Freely distributed under the GNU General Public License (GPLv3).
# - - - - - - - - - - - - - - - - - - - - - - - - - - - - - - - - - - - -
# input alignment file:             scratch/PL19.hmmsearch2.sto
# output HMM file:                  scratch/PL19.hmmsearch2.hmm
# number of worker threads:         8
# - - - - - - - - - - - - - - - - - - - - - - - - - - - - - - - - - - - -

# idx name                  nseq  alen  mlen eff_nseq re/pos description
#---- -------------------- ----- ----- ----- -------- ------ -----------
1     PL19.hmmsearch2      364505   574   539     6.36  0.590 

# CPU time: 16.09u 1.59s 00:00:17.68 Elapsed: 00:00:17.69
### STAGE 6: CODON TABLE ###
/users/mhowison/.local/lib/python3.6/site-packages/Bio/SearchIO/__init__.py:211: BiopythonExperimentalWarning: Bio.SearchIO is an experimental submodule which may undergo significant changes prior to its future official release.
  BiopythonExperimentalWarning)
indexed reads
parsed hmmer
hsps: {1: 380605, 2: 624}
constructed codon table
/users/mhowison/.local/lib/python3.6/site-packages/Bio/SearchIO/__init__.py:211: BiopythonExperimentalWarning: Bio.SearchIO is an experimental submodule which may undergo significant changes prior to its future official release.
  BiopythonExperimentalWarning)
indexed reads
parsed hmmer
hsps: {1: 490291, 2: 1028}
constructed codon table
### FINISHED ###
